<?xml version="1.0" encoding="UTF-8"?>
<testng-results skipped="0" failed="0" total="1" passed="1">
  <reporter-output>
  </reporter-output>
  <suite name="Suite1" duration-ms="29482" started-at="2019-05-21T14:48:14Z" finished-at="2019-05-21T14:48:43Z">
    <groups>
    </groups>
    <test name="Nopackage" duration-ms="29482" started-at="2019-05-21T14:48:14Z" finished-at="2019-05-21T14:48:43Z">
      <class name="Appium.AppiumMobileopers">
        <test-method status="PASS" signature="test()" name="test" duration-ms="29472" started-at="2019-05-21T14:48:14Z" finished-at="2019-05-21T14:48:43Z">
        </test-method>
      </class>
    </test>
  </suite>
</testng-results>
