<?xml version="1.0" encoding="UTF-8"?>
<testsuite hostname="DESKTOP-FDB8P96" name="Appium.AppiumMobileopers" tests="1" failures="1" timestamp="21 May 2019 07:09:11 GMT" time="17.784" errors="0">
  <testcase name="test" time="17.77" classname="Appium.AppiumMobileopers">
    <failure type="org.openqa.selenium.WebDriverException" message="An unknown server-side error occurred while processing the command. Original error: Error attempting to start URI. Original error: Error: Starting: Intent { act=android.intent.action.VIEW dat=http://www.google.com/... pkg=com.hexaview.demofortesting }
Error: Activity not started, unable to resolve Intent { act=android.intent.action.VIEW dat=http://www.google.com/... flg=0x10000000 pkg=com.hexaview.demofortesting }
Build info: version: &amp;apos;3.4.0&amp;apos;, revision: &amp;apos;unknown&amp;apos;, time: &amp;apos;unknown&amp;apos;
System info: host: &amp;apos;DESKTOP-FDB8P96&amp;apos;, ip: &amp;apos;192.168.1.118&amp;apos;, os.name: &amp;apos;Windows 10&amp;apos;, os.arch: &amp;apos;amd64&amp;apos;, os.version: &amp;apos;10.0&amp;apos;, java.version: &amp;apos;1.8.0_144&amp;apos;
Driver info: io.appium.java_client.android.AndroidDriver
Capabilities [{app=C:/Users/Admin/Downloads/Apks/CMAPApp.apk, appPackage=com.hexaview.demofortesting, deviceScreenSize=1080x2246, networkConnectionEnabled=true, statBarHeight=86.0, warnings={}, viewportRect={top=86.0, left=0.0, width=1080.0, height=1930.0}, databaseEnabled=false, deviceName=ZF62243R47, platform=LINUX, deviceUDID=ZF62243R47, desired={app=C:/Users/Admin/Downloads/Apks/CMAPApp.apk, platformVersion=9, automationName=UIAutomator2, platformName=Android, deviceName=ZF62243R47}, platformVersion=9, pixelRatio=3.0, webStorageEnabled=false, locationContextEnabled=false, automationName=UIAutomator2, takesScreenshot=true, javascriptEnabled=true, deviceScreenDensity=480.0, deviceModel=motorola one power, platformName=Android, deviceApiLevel=28.0, deviceManufacturer=motorola}]
Session ID: 87c7aa0f-f1d7-4c96-899d-afb3b2ce5a78">
      <![CDATA[org.openqa.selenium.WebDriverException: An unknown server-side error occurred while processing the command. Original error: Error attempting to start URI. Original error: Error: Starting: Intent { act=android.intent.action.VIEW dat=http://www.google.com/... pkg=com.hexaview.demofortesting }
Error: Activity not started, unable to resolve Intent { act=android.intent.action.VIEW dat=http://www.google.com/... flg=0x10000000 pkg=com.hexaview.demofortesting }
Build info: version: '3.4.0', revision: 'unknown', time: 'unknown'
System info: host: 'DESKTOP-FDB8P96', ip: '192.168.1.118', os.name: 'Windows 10', os.arch: 'amd64', os.version: '10.0', java.version: '1.8.0_144'
Driver info: io.appium.java_client.android.AndroidDriver
Capabilities [{app=C:/Users/Admin/Downloads/Apks/CMAPApp.apk, appPackage=com.hexaview.demofortesting, deviceScreenSize=1080x2246, networkConnectionEnabled=true, statBarHeight=86.0, warnings={}, viewportRect={top=86.0, left=0.0, width=1080.0, height=1930.0}, databaseEnabled=false, deviceName=ZF62243R47, platform=LINUX, deviceUDID=ZF62243R47, desired={app=C:/Users/Admin/Downloads/Apks/CMAPApp.apk, platformVersion=9, automationName=UIAutomator2, platformName=Android, deviceName=ZF62243R47}, platformVersion=9, pixelRatio=3.0, webStorageEnabled=false, locationContextEnabled=false, automationName=UIAutomator2, takesScreenshot=true, javascriptEnabled=true, deviceScreenDensity=480.0, deviceModel=motorola one power, platformName=Android, deviceApiLevel=28.0, deviceManufacturer=motorola}]
Session ID: 87c7aa0f-f1d7-4c96-899d-afb3b2ce5a78
	at sun.reflect.NativeConstructorAccessorImpl.newInstance0(Native Method)
	at sun.reflect.NativeConstructorAccessorImpl.newInstance(Unknown Source)
	at sun.reflect.DelegatingConstructorAccessorImpl.newInstance(Unknown Source)
	at java.lang.reflect.Constructor.newInstance(Unknown Source)
	at org.openqa.selenium.remote.http.W3CHttpResponseCodec.createException(W3CHttpResponseCodec.java:150)
	at org.openqa.selenium.remote.http.W3CHttpResponseCodec.decode(W3CHttpResponseCodec.java:115)
	at org.openqa.selenium.remote.http.W3CHttpResponseCodec.decode(W3CHttpResponseCodec.java:45)
	at org.openqa.selenium.remote.HttpCommandExecutor.execute(HttpCommandExecutor.java:164)
	at io.appium.java_client.remote.AppiumCommandExecutor.execute(AppiumCommandExecutor.java:69)
	at org.openqa.selenium.remote.RemoteWebDriver.execute(RemoteWebDriver.java:637)
	at io.appium.java_client.DefaultGenericMobileDriver.execute(DefaultGenericMobileDriver.java:40)
	at io.appium.java_client.AppiumDriver.execute(AppiumDriver.java:1)
	at io.appium.java_client.android.AndroidDriver.execute(AndroidDriver.java:1)
	at org.openqa.selenium.remote.RemoteWebDriver.get(RemoteWebDriver.java:364)
	at Appium_GenericFunctions.GenericFunction.launchBrowser(GenericFunction.java:25)
	at Appium.AppiumMobileopers.test(AppiumMobileopers.java:35)
	at sun.reflect.NativeMethodAccessorImpl.invoke0(Native Method)
	at sun.reflect.NativeMethodAccessorImpl.invoke(Unknown Source)
	at sun.reflect.DelegatingMethodAccessorImpl.invoke(Unknown Source)
	at java.lang.reflect.Method.invoke(Unknown Source)
	at org.testng.internal.MethodInvocationHelper.invokeMethod(MethodInvocationHelper.java:74)
	at org.testng.internal.Invoker.invokeMethod(Invoker.java:673)
	at org.testng.internal.Invoker.invokeTestMethod(Invoker.java:846)
	at org.testng.internal.Invoker.invokeTestMethods(Invoker.java:1170)
	at org.testng.internal.TestMethodWorker.invokeTestMethods(TestMethodWorker.java:125)
	at org.testng.internal.TestMethodWorker.run(TestMethodWorker.java:109)
	at org.testng.TestRunner.runWorkers(TestRunner.java:1147)
	at org.testng.TestRunner.privateRun(TestRunner.java:749)
	at org.testng.TestRunner.run(TestRunner.java:600)
	at org.testng.SuiteRunner.runTest(SuiteRunner.java:317)
	at org.testng.SuiteRunner.runSequentially(SuiteRunner.java:312)
	at org.testng.SuiteRunner.privateRun(SuiteRunner.java:274)
	at org.testng.SuiteRunner.run(SuiteRunner.java:223)
	at org.testng.SuiteRunnerWorker.runSuite(SuiteRunnerWorker.java:52)
	at org.testng.SuiteRunnerWorker.run(SuiteRunnerWorker.java:86)
	at org.testng.TestNG.runSuitesSequentially(TestNG.java:1039)
	at org.testng.TestNG.runSuitesLocally(TestNG.java:964)
	at org.testng.TestNG.run(TestNG.java:900)
	at org.testng.remote.AbstractRemoteTestNG.run(AbstractRemoteTestNG.java:132)
	at org.testng.remote.RemoteTestNG.initAndRun(RemoteTestNG.java:236)
	at org.testng.remote.RemoteTestNG.main(RemoteTestNG.java:81)
]]>
    </failure>
  </testcase>
</testsuite>
